#
# There is insufficient memory for the Java Runtime Environment to continue.
# Native memory allocation (mmap) failed to map 266338304 bytes. Error detail: G1 virtual space
# Possible reasons:
#   The system is out of physical RAM or swap space
#   This process is running with CompressedOops enabled, and the Java Heap may be blocking the growth of the native heap
# Possible solutions:
#   Reduce memory load on the system
#   Increase physical memory or swap space
#   Check if swap backing store is full
#   Decrease Java heap size (-Xmx/-Xms)
#   Decrease number of Java threads
#   Decrease Java thread stack sizes (-Xss)
#   Set larger code cache with -XX:ReservedCodeCacheSize=
#   JVM is running with Zero Based Compressed Oops mode in which the Java heap is
#     placed in the first 32GB address space. The Java Heap base address is the
#     maximum limit for the native heap growth. Please use -XX:HeapBaseMinAddress
#     to set the Java Heap base and to place the Java Heap above 32GB virtual address.
# This output file may be truncated or incomplete.
#
#  Out of Memory Error (os_windows.cpp:3926), pid=36440, tid=36488
#
# JRE version:  (21.0.10) (build )
# Java VM: OpenJDK 64-Bit Server VM (21.0.10+-14961533-b1163.108, mixed mode, sharing, tiered, compressed oops, compressed class ptrs, g1 gc, windows-amd64)
# No core dump will be written. Minidumps are not enabled by default on client versions of Windows
#

---------------  S U M M A R Y ------------

Command Line: org.jetbrains.kotlin.cli.jvm.K2JVMCompiler @Z:\Alice666\app\build\20260625_3399182121117980698.compiler.options

Host: 12th Gen Intel(R) Core(TM) i5-12400F, 12 cores, 15G,  Windows 11 , 64 bit Build 22621 (10.0.22621.5415)
Time: Thu Jun 25 20:13:39 2026 elapsed time: 0.030379 seconds (0d 0h 0m 0s)

---------------  T H R E A D  ---------------

Current thread (0x00000000004c9310):  JavaThread "Unknown thread" [_thread_in_vm, id=36488, stack(0x00000000021d0000,0x00000000022d0000) (1024K)]

Stack: [0x00000000021d0000,0x00000000022d0000]
Native frames: (J=compiled Java code, j=interpreted, Vv=VM code, C=native code)
V  [jvm.dll+0x6d78a9]
V  [jvm.dll+0x8665b3]
V  [jvm.dll+0x868bde]
V  [jvm.dll+0x8692c3]
V  [jvm.dll+0x280ee6]
V  [jvm.dll+0x6d4165]
V  [jvm.dll+0x6c77fa]
V  [jvm.dll+0x358f4b]
V  [jvm.dll+0x360bc6]
V  [jvm.dll+0x3b2ea6]
V  [jvm.dll+0x3b3178]
V  [jvm.dll+0x32b65c]
V  [jvm.dll+0x32c34b]
V  [jvm.dll+0x82f449]
V  [jvm.dll+0x3c0078]
V  [jvm.dll+0x8185e8]
V  [jvm.dll+0x45449e]
V  [jvm.dll+0x455c01]
C  [jli.dll+0x52ab]
C  [ucrtbase.dll+0x29333]
C  [KERNEL32.DLL+0x1259d]
C  [ntdll.dll+0x5af78]


---------------  P R O C E S S  ---------------

Threads class SMR info:
_java_thread_list=0x00007ff89273b9c8, length=0, elements={
}

Java Threads: ( => current thread )
Total: 0

Other Threads:
  0x0000000002bd87d0 WorkerThread "GC Thread#0"                     [id=28700, stack(0x000000001a160000,0x000000001a260000) (1024K)]
  0x0000000002be94d0 ConcurrentGCThread "G1 Main Marker"            [id=1972, stack(0x000000001a260000,0x000000001a360000) (1024K)]
  0x0000000002bea960 WorkerThread "G1 Conc#0"                       [id=19144, stack(0x000000001a360000,0x000000001a460000) (1024K)]

[error occurred during error reporting (printing all threads), id 0xc0000005, EXCEPTION_ACCESS_VIOLATION (0xc0000005) at pc=0x00007ff891f2e637]
VM state: not at safepoint (not fully initialized)

VM Mutex/Monitor currently owned by a thread:  ([mutex/lock_event])
[0x00007ff8927a87d0] Heap_lock - owner thread: 0x00000000004c9310

Heap address: 0x0000000702e00000, size: 4050 MB, Compressed Oops mode: Zero based, Oop shift amount: 3

CDS archive(s) mapped at: [0x0000000000000000-0x0000000000000000-0x0000000000000000), size 0, SharedBaseAddress: 0x0000000800000000, ArchiveRelocationMode: 1.
Narrow klass base: 0x0000000000000000, Narrow klass shift: 0, Narrow klass range: 0x0

GC Precious Log:
 CardTable entry size: 512
 Card Set container configuration: InlinePtr #cards 4 size 8 Array Of Cards #cards 16 size 48 Howl #buckets 8 coarsen threshold 3686 Howl Bitmap #cards 512 size 80 coarsen threshold 460 Card regions per heap region 1 cards per card region 4096

Heap:
 garbage-first heap   total 0K, used 0K [0x0000000702e00000, 0x0000000800000000)
  region size 2048K, 0 young (0K), 0 survivors (0K)
 Metaspace       used 0K, committed 0K, reserved 0K
  class space    used 0K, committed 0K, reserved 0K

Heap Regions: E=young(eden), S=young(survivor), O=old, HS=humongous(starts), HC=humongous(continues), CS=collection set, F=free, TAMS=top-at-mark-start, PB=parsable bottom

Card table byte_map: [0x0000000015a20000,0x0000000016210000] _byte_map_base: 0x0000000012209000

Marking Bits: (CMBitMap*) 0x0000000002bd8ee0
 Bits: [0x0000000016210000, 0x000000001a158000)

GC Heap History (0 events):
No events

Dll operation events (1 events):
Event: 0.023 Loaded shared library Z:\Android Studio\jbr\bin\java.dll

Deoptimization events (0 events):
No events

Classes loaded (0 events):
No events

Classes unloaded (0 events):
No events

Classes redefined (0 events):
No events

Internal exceptions (0 events):
No events

ZGC Phase Switch (0 events):
No events

VM Operations (0 events):
No events

Memory protections (0 events):
No events

Nmethod flushes (0 events):
No events

Events (0 events):
No events


Dynamic libraries:
0x00007ff745b80000 - 0x00007ff745b8a000 	Z:\Android Studio\jbr\bin\java.exe
0x00007ff8df9b0000 - 0x00007ff8dfbc7000 	C:\Windows\SYSTEM32\ntdll.dll
0x00007ff8ddad0000 - 0x00007ff8ddb94000 	C:\Windows\System32\KERNEL32.DLL
0x00007ff8dcfb0000 - 0x00007ff8dd382000 	C:\Windows\System32\KERNELBASE.dll
0x00007ff8df330000 - 0x00007ff8df3e1000 	C:\Windows\System32\ADVAPI32.DLL
0x00007ff8de1e0000 - 0x00007ff8de287000 	C:\Windows\System32\msvcrt.dll
0x00007ff8de6d0000 - 0x00007ff8de778000 	C:\Windows\System32\sechost.dll
0x00007ff8dcf50000 - 0x00007ff8dcf78000 	C:\Windows\System32\bcrypt.dll
0x00007ff8de780000 - 0x00007ff8de894000 	C:\Windows\System32\RPCRT4.dll
0x00007ff8dcb20000 - 0x00007ff8dcc31000 	C:\Windows\System32\ucrtbase.dll
0x00007ff8afdd0000 - 0x00007ff8afde8000 	Z:\Android Studio\jbr\bin\jli.dll
0x00007ff8cf340000 - 0x00007ff8cf35b000 	Z:\Android Studio\jbr\bin\VCRUNTIME140.dll
0x00007ff8dd8c0000 - 0x00007ff8dda71000 	C:\Windows\System32\USER32.dll
0x00007ff8dcf80000 - 0x00007ff8dcfa6000 	C:\Windows\System32\win32u.dll
0x00007ff8de1b0000 - 0x00007ff8de1d9000 	C:\Windows\System32\GDI32.dll
0x00007ff8dcce0000 - 0x00007ff8dce03000 	C:\Windows\System32\gdi32full.dll
0x00007ff8dcc40000 - 0x00007ff8dccda000 	C:\Windows\System32\msvcp_win.dll
0x00007ff8c7060000 - 0x00007ff8c72fb000 	C:\Windows\WinSxS\amd64_microsoft.windows.common-controls_6595b64144ccf1df_6.0.22621.5415_none_270d77d17387d7da\COMCTL32.dll
0x00007ff8de8c0000 - 0x00007ff8de8f1000 	C:\Windows\System32\IMM32.DLL
0x00007ff8d0220000 - 0x00007ff8d022c000 	Z:\Android Studio\jbr\bin\vcruntime140_1.dll
0x00007ff898190000 - 0x00007ff89821d000 	Z:\Android Studio\jbr\bin\msvcp140.dll
0x00007ff891bf0000 - 0x00007ff892886000 	Z:\Android Studio\jbr\bin\server\jvm.dll
0x00007ff8de630000 - 0x00007ff8de6a1000 	C:\Windows\System32\WS2_32.dll
0x00007ff8db920000 - 0x00007ff8db96d000 	C:\Windows\SYSTEM32\POWRPROF.dll
0x00007ff8d7930000 - 0x00007ff8d7964000 	C:\Windows\SYSTEM32\WINMM.dll
0x00007ff8d4b10000 - 0x00007ff8d4b1a000 	C:\Windows\SYSTEM32\VERSION.dll
0x00007ff8db900000 - 0x00007ff8db913000 	C:\Windows\SYSTEM32\UMPDC.dll
0x00007ff8dbbc0000 - 0x00007ff8dbbd8000 	C:\Windows\SYSTEM32\kernel.appcore.dll
0x00007ff8cf460000 - 0x00007ff8cf46a000 	Z:\Android Studio\jbr\bin\jimage.dll
0x00007ff8da230000 - 0x00007ff8da463000 	C:\Windows\SYSTEM32\DBGHELP.DLL
0x00007ff8ddc10000 - 0x00007ff8ddfa3000 	C:\Windows\System32\combase.dll
0x00007ff8de0d0000 - 0x00007ff8de1a7000 	C:\Windows\System32\OLEAUT32.dll
0x00007ff8b9b40000 - 0x00007ff8b9b72000 	C:\Windows\SYSTEM32\dbgcore.DLL
0x00007ff8dced0000 - 0x00007ff8dcf4b000 	C:\Windows\System32\bcryptPrimitives.dll
0x00007ff8c8a10000 - 0x00007ff8c8a30000 	Z:\Android Studio\jbr\bin\java.dll

JVMTI agents: none

dbghelp: loaded successfully - version: 4.0.5 - missing functions: none
symbol engine: initialized successfully - sym options: 0x614 - pdb path: .;Z:\Android Studio\jbr\bin;C:\Windows\SYSTEM32;C:\Windows\WinSxS\amd64_microsoft.windows.common-controls_6595b64144ccf1df_6.0.22621.5415_none_270d77d17387d7da;Z:\Android Studio\jbr\bin\server

VM Arguments:
java_command: org.jetbrains.kotlin.cli.jvm.K2JVMCompiler @Z:\Alice666\app\build\20260625_3399182121117980698.compiler.options
java_class_path (initial): C:\Users\Administrator\.gradle\caches\modules-2\files-2.1\org.jetbrains.kotlin\kotlin-compiler-embeddable\2.2.10\6882d39ef03b18879c1a5d2a83c2212361bed5fe\kotlin-compiler-embeddable-2.2.10.jar;C:\Users\Administrator\.gradle\caches\modules-2\files-2.1\org.jetbrains.kotlin\kotlin-stdlib\2.2.10\30de6faa127a4a012db8e71bf1b9c0a99b1402b2\kotlin-stdlib-2.2.10.jar;C:\Users\Administrator\.gradle\caches\modules-2\files-2.1\org.jetbrains.kotlin\kotlin-script-runtime\2.2.10\712f9bc08f378c13a4a00f0bbb28c76e59183e83\kotlin-script-runtime-2.2.10.jar;C:\Users\Administrator\.gradle\caches\modules-2\files-2.1\org.jetbrains.kotlin\kotlin-reflect\1.6.10\1cbe9c92c12a94eea200d23c2bbaedaf3daf5132\kotlin-reflect-1.6.10.jar;C:\Users\Administrator\.gradle\caches\modules-2\files-2.1\org.jetbrains.kotlin\kotlin-daemon-embeddable\2.2.10\212fd3c2c6e4e5d0f4db3c4191233e2b622380cc\kotlin-daemon-embeddable-2.2.10.jar;C:\Users\Administrator\.gradle\caches\modules-2\files-2.1\org.jetbrains.kotlinx\kotlinx-coroutines-core-jvm\1.8.0\ac1dc37a30a93150b704022f8d895ee1bd3a36b3\kotlinx-coroutines-core-jvm-1.8.0.jar;C:\Users\Administrator\.gradle\caches\modules-2\files-2.1\org.jetbrains\annotations\13.0\919f0dfe192fb4e063e7dacadee7f8bb9a2672a9\annotations-13.0.jar
Launcher Type: SUN_STANDARD

[Global flags]
     intx CICompilerCount                          = 4                                         {product} {ergonomic}
     uint ConcGCThreads                            = 3                                         {product} {ergonomic}
     uint G1ConcRefinementThreads                  = 10                                        {product} {ergonomic}
   size_t G1HeapRegionSize                         = 2097152                                   {product} {ergonomic}
    uintx GCDrainStackTargetSize                   = 64                                        {product} {ergonomic}
   size_t InitialHeapSize                          = 266338304                                 {product} {ergonomic}
   size_t MarkStackSize                            = 4194304                                   {product} {ergonomic}
   size_t MaxHeapSize                              = 4246732800                                {product} {ergonomic}
   size_t MinHeapDeltaBytes                        = 2097152                                   {product} {ergonomic}
   size_t MinHeapSize                              = 8388608                                   {product} {ergonomic}
    uintx NonNMethodCodeHeapSize                   = 5839372                                {pd product} {ergonomic}
    uintx NonProfiledCodeHeapSize                  = 122909434                              {pd product} {ergonomic}
    uintx ProfiledCodeHeapSize                     = 122909434                              {pd product} {ergonomic}
    uintx ReservedCodeCacheSize                    = 251658240                              {pd product} {ergonomic}
     bool SegmentedCodeCache                       = true                                      {product} {ergonomic}
   size_t SoftMaxHeapSize                          = 4246732800                             {manageable} {ergonomic}
     bool UseCompressedOops                        = true                           {product lp64_product} {ergonomic}
     bool UseG1GC                                  = true                                      {product} {ergonomic}
     bool UseLargePagesIndividualAllocation        = false                                  {pd product} {ergonomic}

Logging:
Log output configuration:
 #0: stdout all=warning uptime,level,tags foldmultilines=false
 #1: stderr all=off uptime,level,tags foldmultilines=false

Release file:
<release file has not been read>
Environment Variables:
PATH=E:\vmware\bin\;C:\Program Files\Common Files\Oracle\Java\javapath;D:\Scripts\;D:\;C:\Windows\system32;C:\Windows;C:\Windows\System32\Wbem;C:\Windows\System32\WindowsPowerShell\v1.0\;C:\Windows\System32\OpenSSH\;C:\Program Files (x86)\NVIDIA Corporation\PhysX\Common;C:\Program Files\NVIDIA Corporation\NVIDIA NvDLISR;D:\WINR;D:\python\Scripts\;D:\python\;C:\Users\Administrator\AppData\Local\Programs\Python\Launcher\;C:\Users\Administrator\AppData\Local\Microsoft\WindowsApps;C:\Users\Administrator\AppData\Local\Programs\Microsoft VS Code\bin;D:\PyCharm Community Edition 2022.3.1\bin;D:\java\bin;D:\mingw64\bin;C:\Windows\system32;C:\Windows;C:\Windows\System32\Wbem;C:\Windows\System32\WindowsPowerShell\v1.0\;C:\Windows\System32\OpenSSH\;D:\ADB\platform-tools;Z:\Git\cmd;D:\python\Scripts\;D:\python\;C:\Users\Administrator\AppData\Local\Programs\Python\Launcher\;C:\Users\Administrator\AppData\Local\Microsoft\WindowsApps;C:\Users\Administrator\AppData\Local\Programs\Microsoft VS Code\bin;D:\PyCharm Community Edition 2022.3.1\bin;;D:\ADB\platform-tools;
USERNAME=ocean
OS=Windows_NT
PROCESSOR_IDENTIFIER=Intel64 Family 6 Model 151 Stepping 2, GenuineIntel
TMP=C:\Users\ADMINI~1\AppData\Local\Temp
TEMP=C:\Users\ADMINI~1\AppData\Local\Temp




Periodic native trim disabled

JNI global refs:
JNI global refs: 0, weak refs: 0

JNI global refs memory usage: 0, weak refs: 0

Process memory usage:
Resident Set Size: 12636K (0% of 16582688K total physical memory with 130916K free physical memory)

OOME stack traces (most recent first):
Classloader memory used:

---------------  S Y S T E M  ---------------

OS:
 Windows 11 , 64 bit Build 22621 (10.0.22621.5415)
OS uptime: 4 days 9:25 hours

CPU: total 12 (initial active 12) (6 cores per cpu, 2 threads per core) family 6 model 151 stepping 2 microcode 0x23, cx8, cmov, fxsr, ht, mmx, 3dnowpref, sse, sse2, sse3, ssse3, sse4.1, sse4.2, popcnt, lzcnt, tsc, tscinvbit, avx, avx2, aes, erms, clmul, bmi1, bmi2, adx, sha, fma, vzeroupper, clflush, clflushopt, clwb, serialize, rdtscp, rdpid, fsrm, f16c, pku, cet_ibt, cet_ss
Processor Information for the first 12 processors :
  Max Mhz: 2500, Current Mhz: 2500, Mhz Limit: 2500

Memory: 4k page, system-wide physical 16194M (127M free)
TotalPageFile size 39618M (AvailPageFile size 187M)
current process WorkingSet (physical memory assigned to process): 12M, peak: 12M
current process commit charge ("private bytes"): 64M, peak: 318M

vm_info: OpenJDK 64-Bit Server VM (21.0.10+-14961533-b1163.108) for windows-amd64 JRE (21.0.10+-14961533-b1163.108), built on 2026-03-02T19:58:50Z by "builder" with MS VC++ 16.10 / 16.11 (VS2019)

END.
